mode: set
ljtian.com/mydaemonset/controllers/mydaemonset_controller.go:52.103,57.68 3 0
ljtian.com/mydaemonset/controllers/mydaemonset_controller.go:57.68,59.3 1 0
ljtian.com/mydaemonset/controllers/mydaemonset_controller.go:61.2,62.27 2 0
ljtian.com/mydaemonset/controllers/mydaemonset_controller.go:62.27,63.48 1 0
ljtian.com/mydaemonset/controllers/mydaemonset_controller.go:63.48,65.4 1 0
ljtian.com/mydaemonset/controllers/mydaemonset_controller.go:67.3,67.30 1 0
ljtian.com/mydaemonset/controllers/mydaemonset_controller.go:67.30,87.51 2 0
ljtian.com/mydaemonset/controllers/mydaemonset_controller.go:87.51,89.5 1 0
ljtian.com/mydaemonset/controllers/mydaemonset_controller.go:92.2,92.27 1 0
ljtian.com/mydaemonset/controllers/mydaemonset_controller.go:96.74,100.2 1 0
